<?xml version="1.0" encoding="UTF-8"?>
<Site BuildName="Linux-g++"
	BuildStamp="20240203-0219-Experimental"
	Name="oimo"
	Generator="ctest-3.22.1"
	CompilerName="/usr/bin/g++"
	CompilerVersion="11.4.0"
	OSName="Linux"
	Hostname="oimo"
	OSRelease="5.15.0-92-generic"
	OSVersion="#102-Ubuntu SMP Wed Jan 10 09:33:48 UTC 2024"
	OSPlatform="x86_64"
	Is64Bits="1"
	VendorString="AuthenticAMD"
	VendorID="Advanced Micro Devices"
	FamilyID="23"
	ModelID="96"
	ProcessorCacheSize="512"
	NumberOfLogicalCPU="2"
	NumberOfPhysicalCPU="2"
	TotalVirtualMemory="2177"
	TotalPhysicalMemory="3876"
	LogicalProcessorsPerPhysical="1"
	ProcessorClockFrequency="2370.55"
	>
	<Testing>
		<StartDateTime>Feb 03 02:19 UTC</StartDateTime>
		<StartTestTime>1706926759</StartTestTime>
		<TestList/>
		<EndDateTime>Feb 03 02:19 UTC</EndDateTime>
		<EndTestTime>1706926759</EndTestTime>
		<ElapsedMinutes>0</ElapsedMinutes>
	</Testing>
</Site>
